Starting second upload job at Mon Mar 30 00:09:05 PDT 2026

 ⛅️ wrangler 4.78.0
───────────────────
Resource location: remote 


 ⛅️ wrangler 4.78.0
───────────────────
Resource location: remote 


 ⛅️ wrangler 4.78.0
───────────────────
Resource location: remote 


 ⛅️ wrangler 4.78.0
───────────────────
Resource location: remote 


 ⛅️ wrangler 4.78.0
───────────────────
Resource location: remote 

Creating object "sam-spade/the-bouncing-betty-caper.mp3" in bucket "ghostofradio-audio".
Creating object "sam-spade/the-battles-of-belvedere.mp3" in bucket "ghostofradio-audio".

 ⛅️ wrangler 4.78.0
───────────────────
Resource location: remote 


 ⛅️ wrangler 4.78.0
───────────────────
Resource location: remote 

Creating object "sam-spade/the-bail-bond-caper.mp3" in bucket "ghostofradio-audio".

 ⛅️ wrangler 4.78.0
───────────────────
Resource location: remote 

Creating object "sam-spade/over-my-dead-body.mp3" in bucket "ghostofradio-audio".
Creating object "sam-spade/sam-and-psyche.mp3" in bucket "ghostofradio-audio".
Creating object "sam-spade/the-champion-caper.mp3" in bucket "ghostofradio-audio".

 ⛅️ wrangler 4.78.0
───────────────────
Resource location: remote 


 ⛅️ wrangler 4.78.0
───────────────────
Resource location: remote 


 ⛅️ wrangler 4.78.0
───────────────────

 ⛅️ wrangler 4.78.0
───────────────────
Resource location: remote 

Resource location: remote 


 ⛅️ wrangler 4.78.0
───────────────────
Resource location: remote 

Creating object "sam-spade/the-biddle-riddle-caper.mp3" in bucket "ghostofradio-audio".

 ⛅️ wrangler 4.78.0
───────────────────
Resource location: remote 

Creating object "sam-spade/the-apple-of-eve-caper.mp3" in bucket "ghostofradio-audio".

 ⛅️ wrangler 4.78.0
───────────────────
Resource location: remote 

Creating object "sam-spade/the-betrayal-in-bumpus-hell-caper.mp3" in bucket "ghostofradio-audio".
Creating object "sam-spade/the-251235679-caper.mp3" in bucket "ghostofradio-audio".

 ⛅️ wrangler 4.78.0
───────────────────
Resource location: remote 

Creating object "sam-spade/cuttyhunk.mp3" in bucket "ghostofradio-audio".
Creating object "sam-spade/the-bow-window-caper.mp3" in bucket "ghostofradio-audio".
Creating object "sam-spade/chargogagog.mp3" in bucket "ghostofradio-audio".
Creating object "sam-spade/the-adam-figg-caper.mp3" in bucket "ghostofradio-audio".
Creating object "sam-spade/the-bluebeard-caper.mp3" in bucket "ghostofradio-audio".
Creating object "sam-spade/the-calcutta-trunk-caper.mp3" in bucket "ghostofradio-audio".
Upload complete.
Upload complete.
✓ sam-spade/the-calcutta-trunk-caper.mp3
✓ sam-spade/the-bow-window-caper.mp3

 ⛅️ wrangler 4.78.0
───────────────────
Resource location: remote 


 ⛅️ wrangler 4.78.0
───────────────────
Resource location: remote 

Creating object "sam-spade/the-chateau-mccloud-caper.mp3" in bucket "ghostofradio-audio".
Creating object "sam-spade/the-cheesecake-caper.mp3" in bucket "ghostofradio-audio".
Upload complete.
✓ sam-spade/the-bouncing-betty-caper.mp3

 ⛅️ wrangler 4.78.0
───────────────────
Resource location: remote 

Creating object "sam-spade/the-civic-pride-caper.mp3" in bucket "ghostofradio-audio".
Upload complete.
Upload complete.
✓ sam-spade/the-bluebeard-caper.mp3
✓ sam-spade/over-my-dead-body.mp3

 ⛅️ wrangler 4.78.0
───────────────────
Resource location: remote 


 ⛅️ wrangler 4.78.0
───────────────────
Resource location: remote 

Creating object "sam-spade/the-convertible-caper.mp3" in bucket "ghostofradio-audio".
Creating object "sam-spade/the-cloak-and-dagger-caper.mp3" in bucket "ghostofradio-audio".
Upload complete.
✓ sam-spade/the-champion-caper.mp3
Upload complete.
✓ sam-spade/cuttyhunk.mp3

 ⛅️ wrangler 4.78.0
───────────────────
Resource location: remote 

Creating object "sam-spade/the-crab-louie-caper.mp3" in bucket "ghostofradio-audio".
Upload complete.
✓ sam-spade/the-apple-of-eve-caper.mp3

 ⛅️ wrangler 4.78.0
───────────────────
Resource location: remote 

Creating object "sam-spade/the-critical-author-caper.mp3" in bucket "ghostofradio-audio".

 ⛅️ wrangler 4.78.0
───────────────────
Resource location: remote 

Creating object "sam-spade/the-death-bed-caper.mp3" in bucket "ghostofradio-audio".
Upload complete.
Upload complete.
✓ sam-spade/the-biddle-riddle-caper.mp3
✓ sam-spade/sam-and-psyche.mp3

 ⛅️ wrangler 4.78.0
───────────────────
Resource location: remote 

Creating object "sam-spade/the-death-dr-denhoff-caper.mp3" in bucket "ghostofradio-audio".

 ⛅️ wrangler 4.78.0
───────────────────
Resource location: remote 

Creating object "sam-spade/the-denny-shane-caper.mp3" in bucket "ghostofradio-audio".
Upload complete.
Upload complete.
✓ sam-spade/the-251235679-caper.mp3
✓ sam-spade/the-bail-bond-caper.mp3

 ⛅️ wrangler 4.78.0
───────────────────
Resource location: remote 

Creating object "sam-spade/the-dick-foley-caper.mp3" in bucket "ghostofradio-audio".

 ⛅️ wrangler 4.78.0
───────────────────
Resource location: remote 

Creating object "sam-spade/the-dog-bed-caper.mp3" in bucket "ghostofradio-audio".
Upload complete.
Upload complete.
✓ sam-spade/the-cheesecake-caper.mp3
Upload complete.
✓ sam-spade/the-betrayal-in-bumpus-hell-caper.mp3
✓ sam-spade/the-battles-of-belvedere.mp3

 ⛅️ wrangler 4.78.0
───────────────────
Resource location: remote 

Creating object "sam-spade/the-dry-gulch.mp3" in bucket "ghostofradio-audio".

 ⛅️ wrangler 4.78.0
───────────────────
Resource location: remote 

Creating object "sam-spade/the-dry-martini-caper.mp3" in bucket "ghostofradio-audio".

 ⛅️ wrangler 4.78.0
───────────────────
Resource location: remote 

Creating object "sam-spade/the-fairley-bright-caper.mp3" in bucket "ghostofradio-audio".
Upload complete.
✓ sam-spade/the-civic-pride-caper.mp3

 ⛅️ wrangler 4.78.0
───────────────────
Resource location: remote 

Creating object "sam-spade/the-farmers-daughter-caper.mp3" in bucket "ghostofradio-audio".
Upload complete.
✓ sam-spade/the-chateau-mccloud-caper.mp3
Upload complete.
✓ sam-spade/chargogagog.mp3

 ⛅️ wrangler 4.78.0
───────────────────
Resource location: remote 

Creating object "sam-spade/the-flopsey-mopsey-cottontain-caper.mp3" in bucket "ghostofradio-audio".

 ⛅️ wrangler 4.78.0
───────────────────
Resource location: remote 

Creating object "sam-spade/the-gold-key-caper.mp3" in bucket "ghostofradio-audio".
Upload complete.
✓ sam-spade/the-crab-louie-caper.mp3
Upload complete.

 ⛅️ wrangler 4.78.0
───────────────────
Resource location: remote 

Creating object "sam-spade/the-hail-and-farewell-caper.mp3" in bucket "ghostofradio-audio".
Upload complete.
✓ sam-spade/the-critical-author-caper.mp3
✓ sam-spade/the-death-dr-denhoff-caper.mp3
Upload complete.
Upload complete.

 ⛅️ wrangler 4.78.0
───────────────────
Resource location: remote 

Creating object "sam-spade/the-honest-thief-caper.mp3" in bucket "ghostofradio-audio".
✓ sam-spade/the-dog-bed-caper.mp3

 ⛅️ wrangler 4.78.0
───────────────────
Resource location: remote 

Creating object "sam-spade/the-hot-hundred-grand-caper.mp3" in bucket "ghostofradio-audio".
✓ sam-spade/the-cloak-and-dagger-caper.mp3
Upload complete.

 ⛅️ wrangler 4.78.0
───────────────────
Resource location: remote 

Creating object "sam-spade/the-insomnia-caper.mp3" in bucket "ghostofradio-audio".
✓ sam-spade/the-adam-figg-caper.mp3

 ⛅️ wrangler 4.78.0
───────────────────
Resource location: remote 

Creating object "sam-spade/the-kimberley-cross-caper.mp3" in bucket "ghostofradio-audio".

 ⛅️ wrangler 4.78.0
───────────────────
Resource location: remote 

Creating object "sam-spade/the-lawless-caper.mp3" in bucket "ghostofradio-audio".
Upload complete.
✓ sam-spade/the-denny-shane-caper.mp3

 ⛅️ wrangler 4.78.0
───────────────────
Resource location: remote 

Creating object "sam-spade/the-lazarus-caper.mp3" in bucket "ghostofradio-audio".
Upload complete.
✓ sam-spade/the-dick-foley-caper.mp3

 ⛅️ wrangler 4.78.0
───────────────────
Resource location: remote 

Creating object "sam-spade/the-loveletter-caper.mp3" in bucket "ghostofradio-audio".
