Starting R2 upload at Sun Mar 29 23:52:14 PDT 2026
Total files: 1638

 ⛅️ wrangler 4.78.0
───────────────────

 ⛅️ wrangler 4.78.0
───────────────────
Resource location: remote 

Resource location: remote 


 ⛅️ wrangler 4.78.0
───────────────────

 ⛅️ wrangler 4.78.0
───────────────────
Resource location: remote 

Resource location: remote 


 ⛅️ wrangler 4.78.0
───────────────────
Resource location: remote 


 ⛅️ wrangler 4.78.0
───────────────────
Resource location: remote 


 ⛅️ wrangler 4.78.0
───────────────────

 ⛅️ wrangler 4.78.0
───────────────────
Resource location: remote 

Resource location: remote 

Creating object "cbs-mystery/a-small-question-of-terror.mp3" in bucket "ghostofradio-audio".
Creating object "cbs-mystery/263till-death-do-us-join.mp3" in bucket "ghostofradio-audio".
Creating object "cbs-mystery/a-case-of-negligence.mp3" in bucket "ghostofradio-audio".
Creating object "cbs-mystery/a-christmas-carol.mp3" in bucket "ghostofradio-audio".
Creating object "cbs-mystery/a-challenge-for-the-dead.mp3" in bucket "ghostofradio-audio".
Creating object "cbs-mystery/a-living-corpse.mp3" in bucket "ghostofradio-audio".
Creating object "cbs-mystery/a-death-of-kings.mp3" in bucket "ghostofradio-audio".
Creating object "cbs-mystery/a-coffin-for-the-devil.mp3" in bucket "ghostofradio-audio".
Upload complete.
Upload complete.
✓ cbs-mystery/a-small-question-of-terror.mp3
Upload complete.
✓ cbs-mystery/a-death-of-kings.mp3
✓ cbs-mystery/a-challenge-for-the-dead.mp3

 ⛅️ wrangler 4.78.0
───────────────────
Resource location: remote 

Creating object "cbs-mystery/afraid-to-live-afraid-to-die.mp3" in bucket "ghostofradio-audio".

 ⛅️ wrangler 4.78.0
───────────────────
Resource location: remote 

Creating object "cbs-mystery/age-cannot-wither-her.mp3" in bucket "ghostofradio-audio".

 ⛅️ wrangler 4.78.0
───────────────────
Resource location: remote 

Creating object "cbs-mystery/an-identical-murder.mp3" in bucket "ghostofradio-audio".
Upload complete.
✓ cbs-mystery/263till-death-do-us-join.mp3
Upload complete.
✓ cbs-mystery/a-christmas-carol.mp3

 ⛅️ wrangler 4.78.0
───────────────────
Resource location: remote 

Creating object "cbs-mystery/appointment-in-uganda.mp3" in bucket "ghostofradio-audio".
Upload complete.

 ⛅️ wrangler 4.78.0
───────────────────
Resource location: remote 

Creating object "cbs-mystery/assassination-in-time.mp3" in bucket "ghostofradio-audio".
✓ cbs-mystery/a-coffin-for-the-devil.mp3

 ⛅️ wrangler 4.78.0
───────────────────
Resource location: remote 

Creating object "cbs-mystery/berenice.mp3" in bucket "ghostofradio-audio".
Upload complete.
✓ cbs-mystery/a-case-of-negligence.mp3

 ⛅️ wrangler 4.78.0
───────────────────
Resource location: remote 

Creating object "cbs-mystery/black-widow.mp3" in bucket "ghostofradio-audio".
Upload complete.
✓ cbs-mystery/an-identical-murder.mp3

 ⛅️ wrangler 4.78.0
───────────────────
Resource location: remote 

Creating object "cbs-mystery/bullet-proof.mp3" in bucket "ghostofradio-audio".
Upload complete.
✓ cbs-mystery/afraid-to-live-afraid-to-die.mp3

 ⛅️ wrangler 4.78.0
───────────────────
Resource location: remote 

Creating object "cbs-mystery/burn-witch-burn.mp3" in bucket "ghostofradio-audio".
Upload complete.
✓ cbs-mystery/a-living-corpse.mp3
Upload complete.

 ⛅️ wrangler 4.78.0
───────────────────
Resource location: remote 

Creating object "cbs-mystery/can-you-trust-your-husband.mp3" in bucket "ghostofradio-audio".
✓ cbs-mystery/assassination-in-time.mp3
Upload complete.
✓ cbs-mystery/age-cannot-wither-her.mp3
Upload complete.

 ⛅️ wrangler 4.78.0
───────────────────
Resource location: remote 

Creating object "cbs-mystery/carmilla.mp3" in bucket "ghostofradio-audio".
✓ cbs-mystery/appointment-in-uganda.mp3

 ⛅️ wrangler 4.78.0
───────────────────
Resource location: remote 

Creating object "cbs-mystery/circle-of-evil.mp3" in bucket "ghostofradio-audio".

 ⛅️ wrangler 4.78.0
───────────────────
Resource location: remote 

Creating object "cbs-mystery/come-back-with-me.mp3" in bucket "ghostofradio-audio".
Upload complete.
✓ cbs-mystery/black-widow.mp3

 ⛅️ wrangler 4.78.0
───────────────────
Resource location: remote 

Creating object "cbs-mystery/concerto-in-death.mp3" in bucket "ghostofradio-audio".
Upload complete.
✓ cbs-mystery/berenice.mp3

 ⛅️ wrangler 4.78.0
───────────────────
Resource location: remote 

Creating object "cbs-mystery/deadly-dilemma.mp3" in bucket "ghostofradio-audio".
Upload complete.
✓ cbs-mystery/bullet-proof.mp3

 ⛅️ wrangler 4.78.0
───────────────────
Resource location: remote 

Creating object "cbs-mystery/death-in-the-stars.mp3" in bucket "ghostofradio-audio".
Upload complete.
Upload complete.
✓ cbs-mystery/circle-of-evil.mp3
✓ cbs-mystery/can-you-trust-your-husband.mp3
Upload complete.
✓ cbs-mystery/burn-witch-burn.mp3

 ⛅️ wrangler 4.78.0
───────────────────
Resource location: remote 

Creating object "cbs-mystery/death-is-a-dream.mp3" in bucket "ghostofradio-audio".

 ⛅️ wrangler 4.78.0
───────────────────
Resource location: remote 

Creating object "cbs-mystery/death-is-so-trivial.mp3" in bucket "ghostofradio-audio".

 ⛅️ wrangler 4.78.0
───────────────────
Resource location: remote 

Creating object "cbs-mystery/death-on-skis.mp3" in bucket "ghostofradio-audio".
Upload complete.
✓ cbs-mystery/come-back-with-me.mp3
Upload complete.
✓ cbs-mystery/carmilla.mp3

 ⛅️ wrangler 4.78.0
───────────────────
Resource location: remote 

Creating object "cbs-mystery/death-pays-no-dividend.mp3" in bucket "ghostofradio-audio".

 ⛅️ wrangler 4.78.0
───────────────────
Resource location: remote 

Creating object "cbs-mystery/dont-let-it-choke-you.mp3" in bucket "ghostofradio-audio".
